;  LST file generated by mikroListExporter - v.2.0 
; Date/Time: 18.10.2022 15:19:54
;----------------------------------------------

;Address Opcode 	ASM
0x0000	0x005D940C  	JMP        _main
0x0004	0x0000940C  	JMP        0
0x0008	0x0000940C  	JMP        0
0x000C	0x0000940C  	JMP        0
0x0010	0x0000940C  	JMP        0
0x0014	0x0000940C  	JMP        0
0x0018	0x0000940C  	JMP        0
0x001C	0x0000940C  	JMP        0
0x0020	0x0000940C  	JMP        0
0x0024	0x0000940C  	JMP        0
0x0028	0x0000940C  	JMP        0
0x002C	0x0000940C  	JMP        0
0x0030	0x0000940C  	JMP        0
0x0034	0x0000940C  	JMP        0
0x0038	0x0000940C  	JMP        0
0x003C	0x0000940C  	JMP        0
0x0040	0x0000940C  	JMP        0
0x0044	0x0000940C  	JMP        0
0x0048	0x0000940C  	JMP        0
0x004C	0x0000940C  	JMP        0
0x0050	0x0000940C  	JMP        0
0x0054	0x0000940C  	JMP        0
0x0058	0x0000940C  	JMP        0
0x005C	0x0000940C  	JMP        0
0x0060	0x0000940C  	JMP        0
0x0064	0x0000940C  	JMP        0
0x0068	0x0000940C  	JMP        0
0x006C	0x0000940C  	JMP        0
0x0070	0x0000940C  	JMP        0
0x0074	0x0000940C  	JMP        0
0x0078	0x0000940C  	JMP        0
0x007C	0x0000940C  	JMP        0
0x0080	0x0000940C  	JMP        0
0x0084	0x0000940C  	JMP        0
0x0088	0x0000940C  	JMP        0
_main:
0x00BA	0xEFBF    	LDI        R27, 255
0x00BC	0xBFBD    	OUT        SPL+0, R27
0x00BE	0xE1B0    	LDI        R27, 16
0x00C0	0xBFBE    	OUT        SPL+1, R27
;MyProject.c,93 :: 		void main() {
;MyProject.c,94 :: 		UART_Init();
0x00C2	0xDFEE    	RCALL      _uart_init+0
;MyProject.c,99 :: 		DDRA = 0xFF;  // SETTING PORTA AS output   //INPUT
0x00C4	0xEFBF    	LDI        R27, 255
0x00C6	0xBBBA    	OUT        DDRA+0, R27
;MyProject.c,100 :: 		PORTA = 0x00; // and DEFAULT INPUT 0
0x00C8	0xE0B0    	LDI        R27, 0
0x00CA	0xBBBB    	OUT        PORTA+0, R27
;MyProject.c,103 :: 		ogonek();
0x00CC	0xDFE5    	RCALL      _ogonek+0
;MyProject.c,104 :: 		}
L_end_main:
L__main_end_loop:
0x00CE	0xCFFF    	RJMP       L__main_end_loop
; end of _main
_uart_init:
;MyProject.c,15 :: 		void uart_init(void)
;MyProject.c,17 :: 		UBRR0H = (unsigned char)(BAUDRATE >> 8);
0x00A0	0xE0B0    	LDI        R27, 0
0x00A2	0x009093B0  	STS        UBRR0H+0, R27
;MyProject.c,18 :: 		UBRR0L = (unsigned char)BAUDRATE;
0x00A6	0xE1BF    	LDI        R27, 31
0x00A8	0xB9B9    	OUT        UBRR0L+0, R27
;MyProject.c,19 :: 		UCSR0A = 0b00000000;
0x00AA	0xE0B0    	LDI        R27, 0
0x00AC	0xB9BB    	OUT        UCSR0A+0, R27
;MyProject.c,20 :: 		UCSR0B = 0b00011000;
0x00AE	0xE1B8    	LDI        R27, 24
0x00B0	0xB9BA    	OUT        UCSR0B+0, R27
;MyProject.c,21 :: 		UCSR0C = 0b10000110;
0x00B2	0xE8B6    	LDI        R27, 134
0x00B4	0x009593B0  	STS        UCSR0C+0, R27
;MyProject.c,22 :: 		}
L_end_uart_init:
0x00B8	0x9508    	RET
; end of _uart_init
_ogonek:
;MyProject.c,85 :: 		void ogonek() {
;MyProject.c,86 :: 		while(1) {
L_ogonek13:
;MyProject.c,87 :: 		PORTA = uart_recieve();
0x0098	0xDFF9    	RCALL      _uart_recieve+0
0x009A	0xBB0B    	OUT        PORTA+0, R16
;MyProject.c,90 :: 		}
0x009C	0xCFFD    	RJMP       L_ogonek13
;MyProject.c,91 :: 		}
L_end_ogonek:
0x009E	0x9508    	RET
; end of _ogonek
_uart_recieve:
;MyProject.c,41 :: 		unsigned char uart_recieve(void) {
;MyProject.c,42 :: 		while(!RXC0_bit)
L_uart_recieve4:
0x008C	0xB1BB    	IN         R27, RXC0_bit+0
0x008E	0xFDB7    	SBRC       R27, 7
0x0090	0xC001    	RJMP       L_uart_recieve5
;MyProject.c,43 :: 		;
0x0092	0xCFFC    	RJMP       L_uart_recieve4
L_uart_recieve5:
;MyProject.c,44 :: 		return UDR0;
0x0094	0xB10C    	IN         R16, UDR0+0
;MyProject.c,45 :: 		}
L_end_uart_recieve:
0x0096	0x9508    	RET
; end of _uart_recieve
Symbol List:
//** Routines locations **
//ADDRESS    SIZE    PROCEDURE
//----------------------------------------------
0x0046       [6]    _uart_recieve
0x004C       [4]    _ogonek
0x0050      [13]    _uart_init
0x005D      [11]    _main
//** Variables locations ** 
//ADDRESS    SIZE    VARIABLE
//----------------------------------------------
0x0000       [1]    R0
0x0000       [1]    Delay_Cyc_loc_L0
0x0001       [1]    R1
0x0002       [1]    FARG_uart_send_data_input
0x0002       [1]    R2
0x0002       [2]    FARG_VDelay_Advanced_ms_Time_ms
0x0002       [1]    FARG_Delay_Cyc_cycles_div_by_10
0x0002       [2]    FARG_uart_send_str_string_input
0x0002       [1]    FARG_get_int_number
0x0002       [2]    FARG_get_char_number
0x0002       [2]    FARG_VDelay_ms_Time_ms
0x0003       [1]    R3
0x0004       [1]    R4
0x0004       [2]    FARG_VDelay_Advanced_ms_Current_Fosc_kHz
0x0005       [1]    R5
0x0006       [1]    R6
0x0007       [1]    R7
0x0008       [1]    R8
0x0009       [1]    R9
0x000A       [1]    R10
0x000B       [1]    R11
0x000C       [1]    R12
0x000D       [1]    R13
0x000E       [1]    R14
0x000F       [1]    R15
0x0010       [1]    R16
0x0011       [1]    R17
0x0012       [1]    R18
0x0013       [1]    R19
0x0014       [1]    R20
0x0015       [1]    R21
0x0016       [1]    R22
0x0017       [1]    R23
0x0018       [1]    R24
0x0019       [1]    R25
0x001A       [1]    R26
0x001A       [2]    X
0x001A       [1]    XL
0x001B       [1]    R27
0x001B       [1]    XH
0x001C       [1]    R28
0x001C       [1]    YL
0x001C       [2]    Y
0x001D       [1]    YH
0x001D       [1]    R29
0x001E       [2]    Z
0x001E       [1]    ZL
0x001E       [1]    R30
0x001F       [1]    R31
0x001F       [1]    ZH
0x0020       [0]    PINF5_bit
0x0020       [1]    PINF
0x0020       [0]    PINF2_bit
0x0020       [0]    PINF1_bit
0x0020       [0]    PINF0_bit
0x0020       [0]    PINF6_bit
0x0020       [0]    PINF7_bit
0x0020       [0]    PINF3_bit
0x0020       [0]    PINF4_bit
0x0021       [0]    PINE3_bit
0x0021       [0]    PINE4_bit
0x0021       [0]    PINE1_bit
0x0021       [0]    PINE7_bit
0x0021       [0]    PINE6_bit
0x0021       [0]    PINE0_bit
0x0021       [0]    PINE2_bit
0x0021       [0]    PINE5_bit
0x0021       [1]    PINE
0x0022       [0]    DDE3_bit
0x0022       [0]    DDE6_bit
0x0022       [0]    DDE0_bit
0x0022       [0]    DDE4_bit
0x0022       [1]    DDRE
0x0022       [0]    DDE7_bit
0x0022       [0]    DDE2_bit
0x0022       [0]    DDE5_bit
0x0022       [0]    DDE1_bit
0x0023       [0]    PORTE5_bit
0x0023       [0]    PORTE3_bit
0x0023       [0]    PORTE4_bit
0x0023       [0]    PORTE1_bit
0x0023       [0]    PORTE0_bit
0x0023       [0]    PORTE7_bit
0x0023       [1]    PORTE
0x0023       [0]    PORTE2_bit
0x0023       [0]    PORTE6_bit
0x0024       [0]    ADCL1_bit
0x0024       [1]    ADCL
0x0024       [0]    ADCL0_bit
0x0024       [0]    ADCL7_bit
0x0024       [0]    ADCL3_bit
0x0024       [0]    ADCL6_bit
0x0024       [0]    ADCL5_bit
0x0024       [0]    ADCL4_bit
0x0024       [0]    ADCL2_bit
0x0025       [0]    ADCH6_bit
0x0025       [0]    ADCH4_bit
0x0025       [0]    ADCH0_bit
0x0025       [1]    ADCH
0x0025       [0]    ADCH5_bit
0x0025       [0]    ADCH3_bit
0x0025       [0]    ADCH1_bit
0x0025       [0]    ADCH2_bit
0x0025       [0]    ADCH7_bit
0x0026       [0]    ADEN_bit
0x0026       [1]    ADCSRA
0x0026       [0]    ADPS0_bit
0x0026       [0]    ADPS2_bit
0x0026       [0]    ADFR_bit
0x0026       [0]    ADIF_bit
0x0026       [0]    ADIE_bit
0x0026       [0]    ADPS1_bit
0x0026       [0]    ADSC_bit
0x0027       [0]    MUX1_bit
0x0027       [0]    MUX4_bit
0x0027       [0]    MUX3_bit
0x0027       [0]    ADLAR_bit
0x0027       [0]    REFS1_bit
0x0027       [0]    MUX2_bit
0x0027       [1]    ADMUX
0x0027       [0]    REFS0_bit
0x0027       [0]    MUX0_bit
0x0028       [0]    ACIS1_bit
0x0028       [0]    ACIC_bit
0x0028       [1]    ACSR
0x0028       [0]    ACIS0_bit
0x0028       [0]    ACIE_bit
0x0028       [0]    ACBG_bit
0x0028       [0]    ACD_bit
0x0028       [0]    ACI_bit
0x0028       [0]    ACO_bit
0x0029       [0]    UBRR4_UBRR0L_bit
0x0029       [0]    UBRR3_UBRR0L_bit
0x0029       [0]    UBRR5_UBRR0L_bit
0x0029       [0]    UBRR7_UBRR0L_bit
0x0029       [0]    UBRR6_UBRR0L_bit
0x0029       [0]    UBRR0_UBRR0L_bit
0x0029       [1]    UBRR0L
0x0029       [0]    UBRR1_UBRR0L_bit
0x0029       [0]    UBRR2_UBRR0L_bit
0x002A       [0]    TXEN0_bit
0x002A       [1]    UCSR0B
0x002A       [0]    RXEN0_bit
0x002A       [0]    RXB80_bit
0x002A       [0]    UCSZ02_bit
0x002A       [0]    TXB80_bit
0x002A       [0]    TXCIE0_bit
0x002A       [0]    RXCIE0_bit
0x002A       [0]    UDRIE0_bit
0x002B       [0]    UDRE0_bit
0x002B       [0]    TXC0_bit
0x002B       [0]    FE0_bit
0x002B       [0]    RXC0_bit
0x002B       [0]    DOR0_bit
0x002B       [0]    UPE0_bit
0x002B       [0]    U2X0_bit
0x002B       [1]    UCSR0A
0x002B       [0]    MPCM0_bit
0x002C       [0]    UDR03_bit
0x002C       [0]    UDR01_bit
0x002C       [0]    UDR02_bit
0x002C       [0]    UDR06_bit
0x002C       [0]    UDR07_bit
0x002C       [0]    UDR04_bit
0x002C       [0]    UDR05_bit
0x002C       [1]    UDR0
0x002C       [0]    UDR00_bit
0x002D       [0]    CPHA_bit
0x002D       [0]    SPR1_bit
0x002D       [0]    SPIE_bit
0x002D       [0]    MSTR_bit
0x002D       [0]    DORD_bit
0x002D       [0]    SPE_bit
0x002D       [0]    CPOL_bit
0x002D       [0]    SPR0_bit
0x002D       [1]    SPCR
0x002E       [1]    SPSR
0x002E       [0]    SPI2X_bit
0x002E       [0]    SPIF_bit
0x002E       [0]    WCOL_bit
0x002F       [0]    SPDR1_bit
0x002F       [1]    SPDR
0x002F       [0]    SPDR0_bit
0x002F       [0]    SPDR7_bit
0x002F       [0]    SPDR5_bit
0x002F       [0]    SPDR6_bit
0x002F       [0]    SPDR2_bit
0x002F       [0]    SPDR3_bit
0x002F       [0]    SPDR4_bit
0x0030       [0]    PIND6_bit
0x0030       [0]    PIND3_bit
0x0030       [0]    PIND4_bit
0x0030       [0]    PIND1_bit
0x0030       [0]    PIND5_bit
0x0030       [1]    PIND
0x0030       [0]    PIND0_bit
0x0030       [0]    PIND7_bit
0x0030       [0]    PIND2_bit
0x0031       [0]    DDD3_bit
0x0031       [0]    DDD2_bit
0x0031       [0]    DDD6_bit
0x0031       [0]    DDD0_bit
0x0031       [0]    DDD4_bit
0x0031       [0]    DDD5_bit
0x0031       [1]    DDRD
0x0031       [0]    DDD1_bit
0x0031       [0]    DDD7_bit
0x0032       [0]    PORTD2_bit
0x0032       [0]    PORTD3_bit
0x0032       [1]    PORTD
0x0032       [0]    PORTD0_bit
0x0032       [0]    PORTD1_bit
0x0032       [0]    PORTD4_bit
0x0032       [0]    PORTD7_bit
0x0032       [0]    PORTD6_bit
0x0032       [0]    PORTD5_bit
0x0033       [0]    PINC3_bit
0x0033       [0]    PINC4_bit
0x0033       [1]    PINC
0x0033       [0]    PINC7_bit
0x0033       [0]    PINC6_bit
0x0033       [0]    PINC1_bit
0x0033       [0]    PINC5_bit
0x0033       [0]    PINC2_bit
0x0033       [0]    PINC0_bit
0x0034       [0]    DDC2_bit
0x0034       [0]    DDC7_bit
0x0034       [0]    DDC0_bit
0x0034       [0]    DDC1_bit
0x0034       [0]    DDC4_bit
0x0034       [0]    DDC5_bit
0x0034       [0]    DDC6_bit
0x0034       [0]    DDC3_bit
0x0034       [1]    DDRC
0x0035       [0]    PORTC1_bit
0x0035       [0]    PORTC2_bit
0x0035       [0]    PORTC0_bit
0x0035       [0]    PORTC4_bit
0x0035       [0]    PORTC6_bit
0x0035       [0]    PORTC5_bit
0x0035       [0]    PORTC7_bit
0x0035       [0]    PORTC3_bit
0x0035       [1]    PORTC
0x0036       [0]    PINB6_bit
0x0036       [0]    PINB0_bit
0x0036       [0]    PINB3_bit
0x0036       [0]    PINB5_bit
0x0036       [0]    PINB2_bit
0x0036       [0]    PINB1_bit
0x0036       [0]    PINB4_bit
0x0036       [1]    PINB
0x0036       [0]    PINB7_bit
0x0037       [0]    DDB3_bit
0x0037       [0]    DDB7_bit
0x0037       [0]    DDB6_bit
0x0037       [0]    DDB5_bit
0x0037       [0]    DDB4_bit
0x0037       [0]    DDB0_bit
0x0037       [1]    DDRB
0x0037       [0]    DDB2_bit
0x0037       [0]    DDB1_bit
0x0038       [0]    PORTB1_bit
0x0038       [0]    PORTB0_bit
0x0038       [1]    PORTB
0x0038       [0]    PORTB5_bit
0x0038       [0]    PORTB7_bit
0x0038       [0]    PORTB6_bit
0x0038       [0]    PORTB2_bit
0x0038       [0]    PORTB3_bit
0x0038       [0]    PORTB4_bit
0x0039       [0]    PINA7_bit
0x0039       [0]    PINA6_bit
0x0039       [0]    PINA1_bit
0x0039       [0]    PINA0_bit
0x0039       [1]    PINA
0x0039       [0]    PINA2_bit
0x0039       [0]    PINA5_bit
0x0039       [0]    PINA4_bit
0x0039       [0]    PINA3_bit
0x003A       [0]    DDA1_bit
0x003A       [0]    DDA2_bit
0x003A       [1]    DDRA
0x003A       [0]    DDA0_bit
0x003A       [0]    DDA3_bit
0x003A       [0]    DDA6_bit
0x003A       [0]    DDA7_bit
0x003A       [0]    DDA4_bit
0x003A       [0]    DDA5_bit
0x003B       [0]    PORTA1_bit
0x003B       [0]    PORTA2_bit
0x003B       [1]    PORTA
0x003B       [0]    PORTA0_bit
0x003B       [0]    PORTA3_bit
0x003B       [0]    PORTA6_bit
0x003B       [0]    PORTA7_bit
0x003B       [0]    PORTA4_bit
0x003B       [0]    PORTA5_bit
0x003C       [0]    EEWE_bit
0x003C       [0]    EEMWE_bit
0x003C       [0]    EERIE_bit
0x003C       [1]    EECR
0x003C       [0]    EERE_bit
0x003D       [0]    EEDR6_bit
0x003D       [0]    EEDR7_bit
0x003D       [0]    EEDR0_bit
0x003D       [1]    EEDR
0x003D       [0]    EEDR1_bit
0x003D       [0]    EEDR3_bit
0x003D       [0]    EEDR4_bit
0x003D       [0]    EEDR5_bit
0x003D       [0]    EEDR2_bit
0x003E       [1]    EEARL
0x003E       [0]    EEARL0_bit
0x003E       [0]    EEARL4_bit
0x003E       [0]    EEARL3_bit
0x003E       [0]    EEARL6_bit
0x003E       [0]    EEARL5_bit
0x003E       [0]    EEARL2_bit
0x003E       [0]    EEARL7_bit
0x003E       [0]    EEARL1_bit
0x003F       [1]    EEARH
0x003F       [0]    EEAR8_bit
0x003F       [0]    EEAR10_bit
0x003F       [0]    EEAR11_bit
0x003F       [0]    EEAR9_bit
0x0040       [0]    PSR321_bit
0x0040       [0]    ACME_bit
0x0040       [1]    SFIOR
0x0040       [0]    PSR0_bit
0x0040       [0]    PUD_bit
0x0040       [0]    TSM_bit
0x0041       [0]    WDP2_bit
0x0041       [0]    WDE_bit
0x0041       [0]    WDP0_bit
0x0041       [0]    WDP1_bit
0x0041       [1]    WDTCR
0x0041       [0]    WDCE_bit
0x0042       [0]    OCDR2_bit
0x0042       [0]    OCDR3_bit
0x0042       [0]    OCDR7_bit
0x0042       [1]    OCDR
0x0042       [0]    OCDR6_bit
0x0042       [0]    OCDR1_bit
0x0042       [0]    OCDR5_bit
0x0042       [0]    OCDR4_bit
0x0042       [0]    OCDR0_bit
0x0043       [0]    OCR2_6_bit
0x0043       [0]    OCR2_7_bit
0x0043       [0]    OCR2_0_bit
0x0043       [0]    OCR2_2_bit
0x0043       [0]    OCR2_1_bit
0x0043       [0]    OCR2_3_bit
0x0043       [0]    OCR2_5_bit
0x0043       [0]    OCR2_4_bit
0x0043       [1]    OCR2
0x0044       [0]    TCNT2_6_bit
0x0044       [0]    TCNT2_7_bit
0x0044       [0]    TCNT2_4_bit
0x0044       [0]    TCNT2_5_bit
0x0044       [0]    TCNT2_0_bit
0x0044       [1]    TCNT2
0x0044       [0]    TCNT2_1_bit
0x0044       [0]    TCNT2_3_bit
0x0044       [0]    TCNT2_2_bit
0x0045       [0]    CS21_bit
0x0045       [0]    CS22_bit
0x0045       [1]    TCCR2
0x0045       [0]    CS20_bit
0x0045       [0]    WGM21_bit
0x0045       [0]    WGM20_bit
0x0045       [0]    FOC2_bit
0x0045       [0]    COM20_bit
0x0045       [0]    COM21_bit
0x0046       [0]    ICR1L1_bit
0x0046       [0]    ICR1L2_bit
0x0046       [1]    ICR1L
0x0046       [0]    ICR1L0_bit
0x0046       [0]    ICR1L3_bit
0x0046       [0]    ICR1L6_bit
0x0046       [0]    ICR1L7_bit
0x0046       [0]    ICR1L4_bit
0x0046       [0]    ICR1L5_bit
0x0047       [0]    ICR1H3_bit
0x0047       [0]    ICR1H4_bit
0x0047       [0]    ICR1H0_bit
0x0047       [0]    ICR1H1_bit
0x0047       [0]    ICR1H2_bit
0x0047       [0]    ICR1H6_bit
0x0047       [1]    ICR1H
0x0047       [0]    ICR1H7_bit
0x0047       [0]    ICR1H5_bit
0x0048       [0]    OCR1BL3_bit
0x0048       [0]    OCR1BL1_bit
0x0048       [0]    OCR1BL0_bit
0x0048       [0]    OCR1BL2_bit
0x0048       [0]    OCR1BL6_bit
0x0048       [0]    OCR1BL7_bit
0x0048       [0]    OCR1BL4_bit
0x0048       [0]    OCR1BL5_bit
0x0048       [1]    OCR1BL
0x0049       [0]    OCR1BH3_bit
0x0049       [0]    OCR1BH4_bit
0x0049       [0]    OCR1BH5_bit
0x0049       [0]    OCR1BH2_bit
0x0049       [1]    OCR1BH
0x0049       [0]    OCR1BH0_bit
0x0049       [0]    OCR1BH1_bit
0x0049       [0]    OCR1BH6_bit
0x0049       [0]    OCR1BH7_bit
0x004A       [0]    OCR1AL7_bit
0x004A       [1]    OCR1AL
0x004A       [0]    OCR1AL3_bit
0x004A       [0]    OCR1AL4_bit
0x004A       [0]    OCR1AL2_bit
0x004A       [0]    OCR1AL0_bit
0x004A       [0]    OCR1AL5_bit
0x004A       [0]    OCR1AL6_bit
0x004A       [0]    OCR1AL1_bit
0x004B       [0]    OCR1AH1_bit
0x004B       [0]    OCR1AH7_bit
0x004B       [0]    OCR1AH4_bit
0x004B       [0]    OCR1AH5_bit
0x004B       [0]    OCR1AH3_bit
0x004B       [0]    OCR1AH2_bit
0x004B       [0]    OCR1AH6_bit
0x004B       [0]    OCR1AH0_bit
0x004B       [1]    OCR1AH
0x004C       [0]    TCNT1L3_bit
0x004C       [0]    TCNT1L1_bit
0x004C       [0]    TCNT1L2_bit
0x004C       [0]    TCNT1L6_bit
0x004C       [0]    TCNT1L7_bit
0x004C       [0]    TCNT1L5_bit
0x004C       [0]    TCNT1L0_bit
0x004C       [1]    TCNT1L
0x004C       [0]    TCNT1L4_bit
0x004D       [0]    TCNT1H1_bit
0x004D       [0]    TCNT1H2_bit
0x004D       [1]    TCNT1H
0x004D       [0]    TCNT1H0_bit
0x004D       [0]    TCNT1H3_bit
0x004D       [0]    TCNT1H6_bit
0x004D       [0]    TCNT1H7_bit
0x004D       [0]    TCNT1H4_bit
0x004D       [0]    TCNT1H5_bit
0x004E       [0]    CS12_bit
0x004E       [0]    WGM13_bit
0x004E       [0]    WGM12_bit
0x004E       [1]    TCCR1B
0x004E       [0]    CS10_bit
0x004E       [0]    CS11_bit
0x004E       [0]    ICES1_bit
0x004E       [0]    ICNC1_bit
0x004F       [0]    COM1B1_bit
0x004F       [0]    COM1A1_bit
0x004F       [1]    TCCR1A
0x004F       [0]    COM1A0_bit
0x004F       [0]    WGM10_bit
0x004F       [0]    COM1C0_bit
0x004F       [0]    COM1C1_bit
0x004F       [0]    WGM11_bit
0x004F       [0]    COM1B0_bit
0x0050       [0]    AS0_bit
0x0050       [0]    TCN0UB_bit
0x0050       [1]    ASSR
0x0050       [0]    OCR0UB_bit
0x0050       [0]    TCR0UB_bit
0x0051       [0]    OCR0_2_bit
0x0051       [0]    OCR0_5_bit
0x0051       [0]    OCR0_4_bit
0x0051       [0]    OCR0_3_bit
0x0051       [0]    OCR0_6_bit
0x0051       [0]    OCR0_0_bit
0x0051       [1]    OCR0
0x0051       [0]    OCR0_7_bit
0x0051       [0]    OCR0_1_bit
0x0052       [0]    TCNT0_1_bit
0x0052       [0]    TCNT0_2_bit
0x0052       [1]    TCNT0
0x0052       [0]    TCNT0_0_bit
0x0052       [0]    TCNT0_3_bit
0x0052       [0]    TCNT0_6_bit
0x0052       [0]    TCNT0_7_bit
0x0052       [0]    TCNT0_4_bit
0x0052       [0]    TCNT0_5_bit
0x0053       [0]    CS01_bit
0x0053       [0]    CS02_bit
0x0053       [1]    TCCR0
0x0053       [0]    CS00_bit
0x0053       [0]    WGM01_bit
0x0053       [0]    WGM00_bit
0x0053       [0]    FOC0_bit
0x0053       [0]    COM00_bit
0x0053       [0]    COM01_bit
0x0054       [0]    EXTRF_bit
0x0054       [0]    PORF_bit
0x0054       [1]    MCUCSR
0x0054       [0]    BORF_bit
0x0054       [0]    JTD_bit
0x0054       [0]    JTRF_bit
0x0054       [0]    WDRF_bit
0x0055       [0]    IVSEL_bit
0x0055       [0]    SM2_bit
0x0055       [1]    MCUCR
0x0055       [0]    IVCE_bit
0x0055       [0]    SM0_bit
0x0055       [0]    SRW10_bit
0x0055       [0]    SRE_bit
0x0055       [0]    SM1_bit
0x0055       [0]    SE_bit
0x0056       [0]    OCF0_bit
0x0056       [0]    TOV1_bit
0x0056       [1]    TIFR
0x0056       [0]    TOV0_bit
0x0056       [0]    OCF1B_bit
0x0056       [0]    TOV2_bit
0x0056       [0]    OCF2_bit
0x0056       [0]    OCF1A_bit
0x0056       [0]    ICF1_bit
0x0057       [0]    OCIE0_bit
0x0057       [0]    TOIE1_bit
0x0057       [1]    TIMSK
0x0057       [0]    TOIE0_bit
0x0057       [0]    OCIE1B_bit
0x0057       [0]    TOIE2_bit
0x0057       [0]    OCIE2_bit
0x0057       [0]    OCIE1A_bit
0x0057       [0]    TICIE1_bit
0x0058       [0]    INTF1_bit
0x0058       [0]    INTF2_bit
0x0058       [1]    EIFR
0x0058       [0]    INTF0_bit
0x0058       [0]    INTF3_bit
0x0058       [0]    INTF6_bit
0x0058       [0]    INTF7_bit
0x0058       [0]    INTF4_bit
0x0058       [0]    INTF5_bit
0x0059       [0]    INT1_bit
0x0059       [0]    INT2_bit
0x0059       [1]    EIMSK
0x0059       [0]    INT0_bit
0x0059       [0]    INT3_bit
0x0059       [0]    INT6_bit
0x0059       [0]    INT7_bit
0x0059       [0]    INT4_bit
0x0059       [0]    INT5_bit
0x005A       [0]    ISC41_bit
0x005A       [0]    ISC50_bit
0x005A       [1]    EICRB
0x005A       [0]    ISC40_bit
0x005A       [0]    ISC51_bit
0x005A       [0]    ISC70_bit
0x005A       [0]    ISC71_bit
0x005A       [0]    ISC60_bit
0x005A       [0]    ISC61_bit
0x005B       [1]    RAMPZ
0x005B       [0]    RAMPZ0_bit
0x005C       [0]    XDIV1_bit
0x005C       [0]    XDIV2_bit
0x005C       [1]    XDIV
0x005C       [0]    XDIV0_bit
0x005C       [0]    XDIV3_bit
0x005C       [0]    XDIV6_bit
0x005C       [0]    XDIVEN_bit
0x005C       [0]    XDIV4_bit
0x005C       [0]    XDIV5_bit
0x005D       [0]    SP1_bit
0x005D       [0]    SP2_bit
0x005D       [0]    SP0_bit
0x005D       [1]    SPL
0x005D       [0]    SP6_bit
0x005D       [0]    SP7_bit
0x005D       [0]    SP5_bit
0x005D       [0]    SP3_bit
0x005D       [0]    SP4_bit
0x005E       [0]    SP9_bit
0x005E       [0]    SP10_bit
0x005E       [1]    SPH
0x005E       [0]    SP8_bit
0x005E       [0]    SP14_bit
0x005E       [0]    SP15_bit
0x005E       [0]    SP13_bit
0x005E       [0]    SP11_bit
0x005E       [0]    SP12_bit
0x005F       [0]    SREG_Z_bit
0x005F       [0]    SREG_N_bit
0x005F       [1]    SREG
0x005F       [0]    SREG_C_bit
0x005F       [0]    SREG_T_bit
0x005F       [0]    SREG_I_bit
0x005F       [0]    SREG_H_bit
0x005F       [0]    SREG_V_bit
0x005F       [0]    SREG_S_bit
0x0090       [1]    UBRR0H
0x0095       [1]    UCSR0C
